<?xml version="1.0" encoding="UTF-8"?>
<!-- Generated by org.testng.reporters.JUnitReportReporter -->
<testsuite hostname="VIPIN" failures="0" tests="1" name="testNG.SoftAssertClass" time="11.242" errors="0" timestamp="2021-10-01T12:59:01 PDT" skipped="0">
  <testcase classname="testNG.SoftAssertClass" name="testVerifyTitle" time="11.242"/>
  <system-out/>
</testsuite> <!-- testNG.SoftAssertClass -->
