<?xml version="1.0" encoding="UTF-8"?>
<!-- Generated by org.testng.reporters.JUnitReportReporter -->
<testsuite hostname="VIPIN" failures="0" tests="1" name="com.actitime.test.VerifyTitle" time="6.429" errors="0" timestamp="2021-09-14T18:44:16 PDT" skipped="0">
  <testcase classname="com.actitime.test.VerifyTitle" name="testVerifyTitle" time="6.429"/>
  <system-out/>
</testsuite> <!-- com.actitime.test.VerifyTitle -->
