<?xml version="1.0" encoding="UTF-8"?>
<!-- Generated by org.testng.reporters.JUnitReportReporter -->
<testsuite hostname="VIPIN" failures="0" tests="6" name="module.ProjectModule" time="0.058" errors="0" timestamp="2021-08-31T19:51:22 PDT" skipped="0">
  <testcase classname="module.ProjectModule" name="deleteProject" time="0.003"/>
  <system-out>
    <![CDATA[DELETE PROJECT]]>
  </system-out>
  <testcase classname="module.ProjectModule" name="createProject" time="0.013"/>
  <system-out>
    <![CDATA[CREATE PROJECT]]>
  </system-out>
  <testcase classname="module.ProjectModule" name="modifyProject" time="0.016"/>
  <system-out>
    <![CDATA[MODIFY PROJECT]]>
  </system-out>
  <testcase classname="module.ProjectModule" name="modifyProject" time="0.009"/>
  <system-out>
    <![CDATA[MODIFY PROJECT]]>
  </system-out>
  <testcase classname="module.ProjectModule" name="modifyProject" time="0.011"/>
  <system-out>
    <![CDATA[MODIFY PROJECT]]>
  </system-out>
  <testcase classname="module.ProjectModule" name="modifyProject" time="0.006"/>
  <system-out>
    <![CDATA[MODIFY PROJECT]]>
  </system-out>
</testsuite> <!-- module.ProjectModule -->
