<?xml version="1.0" encoding="UTF-8"?>
<!-- Generated by org.testng.reporters.JUnitReportReporter -->
<testsuite hostname="VIPIN" failures="0" tests="6" name="moduleTestNG.ProjectModule" time="0.009" errors="0" timestamp="2021-09-14T18:44:16 PDT" skipped="0">
  <testcase classname="moduleTestNG.ProjectModule" name="deleteProject" time="0.001"/>
  <system-out>
    <![CDATA[DELETE PROJECT]]>
  </system-out>
  <testcase classname="moduleTestNG.ProjectModule" name="createProject" time="0.001"/>
  <system-out>
    <![CDATA[CREATE PROJECT]]>
  </system-out>
  <testcase classname="moduleTestNG.ProjectModule" name="modifyProject" time="0.002"/>
  <system-out>
    <![CDATA[MODIFY PROJECT]]>
  </system-out>
  <testcase classname="moduleTestNG.ProjectModule" name="modifyProject" time="0.001"/>
  <system-out>
    <![CDATA[MODIFY PROJECT]]>
  </system-out>
  <testcase classname="moduleTestNG.ProjectModule" name="modifyProject" time="0.002"/>
  <system-out>
    <![CDATA[MODIFY PROJECT]]>
  </system-out>
  <testcase classname="moduleTestNG.ProjectModule" name="modifyProject" time="0.002"/>
  <system-out>
    <![CDATA[MODIFY PROJECT]]>
  </system-out>
</testsuite> <!-- moduleTestNG.ProjectModule -->
