<?xml version="1.0" encoding="UTF-8"?>
<!-- Generated by org.testng.reporters.JUnitReportReporter -->
<testsuite hostname="VIPIN" failures="0" tests="4" name="com.actitime.test.CustomerModuleForBeforeClassAndMethod" time="0.032" errors="0" timestamp="2021-09-14T18:44:16 PDT" skipped="0">
  <testcase classname="com.actitime.test.CustomerModuleForBeforeClassAndMethod" name="registerCustomer" time="0.002"/>
  <system-out>
    <![CDATA[REGISTERCUSTOMER]]>
  </system-out>
  <testcase classname="com.actitime.test.CustomerModuleForBeforeClassAndMethod" name="deleteCustomer" time="0.004"/>
  <system-out>
    <![CDATA[DELETECUSTOMER]]>
  </system-out>
  <testcase classname="com.actitime.test.CustomerModuleForBeforeClassAndMethod" name="editCustomer" time="0.012"/>
  <system-out>
    <![CDATA[EDITCUSTOMER]]>
  </system-out>
  <testcase classname="com.actitime.test.CustomerModuleForBeforeClassAndMethod" name="editCustomer" time="0.014"/>
  <system-out>
    <![CDATA[EDITCUSTOMER]]>
  </system-out>
</testsuite> <!-- com.actitime.test.CustomerModuleForBeforeClassAndMethod -->
