<?xml version="1.0" encoding="UTF-8"?>
<!-- Generated by org.testng.reporters.JUnitReportReporter -->
<testsuite hostname="VIPIN" failures="0" tests="3" name="com.actitime.test.CustomerModule1" time="0.012" errors="0" timestamp="2021-09-14T18:44:16 PDT" skipped="0">
  <testcase classname="com.actitime.test.CustomerModule1" name="createCustomer" time="0.004"/>
  <system-out>
    <![CDATA[CREATECUSTOMER]]>
  </system-out>
  <testcase classname="com.actitime.test.CustomerModule1" name="modifyCustomer" time="0.005"/>
  <system-out>
    <![CDATA[MODIFYCUSTOMER]]>
  </system-out>
  <testcase classname="com.actitime.test.CustomerModule1" name="deleteCustomer" time="0.003"/>
  <system-out>
    <![CDATA[DELETECUSTOMER]]>
  </system-out>
</testsuite> <!-- com.actitime.test.CustomerModule1 -->
