<?xml version="1.0" encoding="UTF-8"?>
<!-- Generated by org.testng.reporters.JUnitReportReporter -->
<testsuite hostname="VIPIN" failures="0" tests="2" name="parallelExecution.CustomerModule" time="0.007" errors="0" timestamp="2021-09-14T18:44:16 PDT" skipped="0">
  <testcase classname="parallelExecution.CustomerModule" name="createCustomer" time="0.003"/>
  <system-out>
    <![CDATA[CREATE CUSTOMER]]>
  </system-out>
  <testcase classname="parallelExecution.CustomerModule" name="deleteCustomer" time="0.004"/>
  <system-out>
    <![CDATA[DELETE CUSTOMER]]>
  </system-out>
</testsuite> <!-- parallelExecution.CustomerModule -->
