<?xml version="1.0" encoding="UTF-8"?>
<!-- Generated by org.testng.reporters.JUnitReportReporter -->
<testsuite hostname="VIPIN" failures="0" tests="4" name="testNG.BatchExecution" time="0.020" errors="0" timestamp="2021-09-14T18:44:16 PDT" skipped="0">
  <testcase classname="testNG.BatchExecution" name="deleteCustomer" time="0.010"/>
  <system-out>
    <![CDATA[DELETECUSTOMER]]>
  </system-out>
  <testcase classname="testNG.BatchExecution" name="registerCustomer" time="0.005"/>
  <system-out>
    <![CDATA[REGISTERCUSTOMER]]>
  </system-out>
  <testcase classname="testNG.BatchExecution" name="editCustomer" time="0.002"/>
  <system-out>
    <![CDATA[EDITCUSTOMER]]>
  </system-out>
  <testcase classname="testNG.BatchExecution" name="editCustomer" time="0.003"/>
  <system-out>
    <![CDATA[EDITCUSTOMER]]>
  </system-out>
</testsuite> <!-- testNG.BatchExecution -->
