<?xml version="1.0" encoding="UTF-8"?>
<!-- Generated by org.testng.reporters.JUnitReportReporter -->
<testsuite hostname="VIPIN" failures="0" tests="6" name="module.CustomerModule" time="0.060" errors="0" timestamp="2021-08-31T19:46:31 PDT" skipped="0">
  <testcase classname="module.CustomerModule" name="deleteCustomer" time="0.005"/>
  <system-out>
    <![CDATA[DELETE CUSTOMER]]>
  </system-out>
  <testcase classname="module.CustomerModule" name="createCustomer" time="0.016"/>
  <system-out>
    <![CDATA[CREATE CUSTOMER]]>
  </system-out>
  <testcase classname="module.CustomerModule" name="modifyCustomer" time="0.006"/>
  <system-out>
    <![CDATA[MODIFY CUSTOMER]]>
  </system-out>
  <testcase classname="module.CustomerModule" name="modifyCustomer" time="0.003"/>
  <system-out>
    <![CDATA[MODIFY CUSTOMER]]>
  </system-out>
  <testcase classname="module.CustomerModule" name="modifyCustomer" time="0.014"/>
  <system-out>
    <![CDATA[MODIFY CUSTOMER]]>
  </system-out>
  <testcase classname="module.CustomerModule" name="modifyCustomer" time="0.016"/>
  <system-out>
    <![CDATA[MODIFY CUSTOMER]]>
  </system-out>
</testsuite> <!-- module.CustomerModule -->
