<?xml version="1.0" encoding="UTF-8"?>
<!-- Generated by org.testng.reporters.JUnitReportReporter -->
<testsuite hostname="VIPIN" failures="0" tests="1" name="testNG.Demo" time="0.004" errors="0" timestamp="2021-09-14T18:44:16 PDT" skipped="0">
  <testcase classname="testNG.Demo" name="demoTest" time="0.004"/>
  <system-out>
    <![CDATA[Welcome To TestNG]]>
  </system-out>
</testsuite> <!-- testNG.Demo -->
