<?xml version="1.0" encoding="UTF-8"?>
<!-- Generated by org.testng.reporters.JUnitReportReporter -->
<testsuite hostname="VIPIN" failures="0" tests="6" name="com.actitime.test.ProjectModule" time="0.006" errors="0" timestamp="2021-09-14T18:44:16 PDT" skipped="0">
  <testcase classname="com.actitime.test.ProjectModule" name="deleteProject" time="0.001"/>
  <system-out>
    <![CDATA[DELETEPROJECT]]>
  </system-out>
  <testcase classname="com.actitime.test.ProjectModule" name="createProject" time="0.001"/>
  <system-out>
    <![CDATA[CREATEPROJECT]]>
  </system-out>
  <testcase classname="com.actitime.test.ProjectModule" name="modifyProject" time="0.001"/>
  <system-out>
    <![CDATA[MODIFYPROJECT]]>
  </system-out>
  <testcase classname="com.actitime.test.ProjectModule" name="modifyProject" time="0.001"/>
  <system-out>
    <![CDATA[MODIFYPROJECT]]>
  </system-out>
  <testcase classname="com.actitime.test.ProjectModule" name="modifyProject" time="0.001"/>
  <system-out>
    <![CDATA[MODIFYPROJECT]]>
  </system-out>
  <testcase classname="com.actitime.test.ProjectModule" name="modifyProject" time="0.001"/>
  <system-out>
    <![CDATA[MODIFYPROJECT]]>
  </system-out>
</testsuite> <!-- com.actitime.test.ProjectModule -->
