<?xml version="1.0" encoding="UTF-8"?>
<!-- Generated by org.testng.reporters.JUnitReportReporter -->
<testsuite hostname="VIPIN" failures="0" tests="4" name="batchExecution.CustomerModule1" time="0.031" errors="0" timestamp="2021-09-14T18:44:16 PDT" skipped="0">
  <testcase classname="batchExecution.CustomerModule1" name="registerCustomer" time="0.003"/>
  <system-out>
    <![CDATA[REGISTER CUSTOMER]]>
  </system-out>
  <testcase classname="batchExecution.CustomerModule1" name="deleteCustomer" time="0.009"/>
  <system-out>
    <![CDATA[DELETE CUSTOMER]]>
  </system-out>
  <testcase classname="batchExecution.CustomerModule1" name="editCustomer" time="0.001"/>
  <system-out>
    <![CDATA[EDIT CUSTOMER]]>
  </system-out>
  <testcase classname="batchExecution.CustomerModule1" name="editCustomer" time="0.018"/>
  <system-out>
    <![CDATA[EDIT CUSTOMER]]>
  </system-out>
</testsuite> <!-- batchExecution.CustomerModule1 -->
