<?xml version="1.0" encoding="UTF-8"?>
<!-- Generated by org.testng.reporters.JUnitReportReporter -->
<testsuite hostname="VIPIN" failures="0" tests="6" name="parallelExecution.ProjectModule" time="0.013" errors="0" timestamp="2021-09-14T18:44:16 PDT" skipped="0">
  <testcase classname="parallelExecution.ProjectModule" name="deleteProject" time="0.002"/>
  <system-out>
    <![CDATA[DELETEPROJECT]]>
  </system-out>
  <testcase classname="parallelExecution.ProjectModule" name="createProject" time="0.002"/>
  <system-out>
    <![CDATA[CREATEPROJECT]]>
  </system-out>
  <testcase classname="parallelExecution.ProjectModule" name="modifyProject" time="0.003"/>
  <system-out>
    <![CDATA[MODIFYPROJECT]]>
  </system-out>
  <testcase classname="parallelExecution.ProjectModule" name="modifyProject" time="0.002"/>
  <system-out>
    <![CDATA[MODIFYPROJECT]]>
  </system-out>
  <testcase classname="parallelExecution.ProjectModule" name="modifyProject" time="0.002"/>
  <system-out>
    <![CDATA[MODIFYPROJECT]]>
  </system-out>
  <testcase classname="parallelExecution.ProjectModule" name="modifyProject" time="0.002"/>
  <system-out>
    <![CDATA[MODIFYPROJECT]]>
  </system-out>
</testsuite> <!-- parallelExecution.ProjectModule -->
