<?xml version="1.0" encoding="UTF-8"?>
<!-- Generated by org.testng.reporters.JUnitReportReporter -->
<testsuite hostname="VIPIN" failures="0" tests="1" name="interviewbased.Screenshot" time="9.799" errors="0" timestamp="2021-09-14T18:44:16 PDT" skipped="0">
  <testcase classname="interviewbased.Screenshot" name="testScreenshot" time="9.799"/>
  <system-out/>
</testsuite> <!-- interviewbased.Screenshot -->
